0 info it worked if it ends with ok
1 verbose cli [ 'node', '/usr/local/bin/npm', 'install', '--save', 'socket.io' ]
2 info using npm@1.4.28
3 info using node@v0.10.32
4 warn package.json mobileclips@1.0.0 No description
5 warn package.json mobileclips@1.0.0 No repository field.
6 warn package.json mobileclips@1.0.0 No README data
7 verbose readDependencies using package.json deps
8 verbose cache add [ 'socket.io', null ]
9 verbose cache add name=undefined spec="socket.io" args=["socket.io",null]
10 verbose parsed url { protocol: null,
10 verbose parsed url   slashes: null,
10 verbose parsed url   auth: null,
10 verbose parsed url   host: null,
10 verbose parsed url   port: null,
10 verbose parsed url   hostname: null,
10 verbose parsed url   hash: null,
10 verbose parsed url   search: null,
10 verbose parsed url   query: null,
10 verbose parsed url   pathname: 'socket.io',
10 verbose parsed url   path: 'socket.io',
10 verbose parsed url   href: 'socket.io' }
11 silly lockFile 71475bfd-socket-io socket.io
12 verbose lock socket.io /Users/spersinger/.npm/71475bfd-socket-io.lock
13 silly lockFile 71475bfd-socket-io socket.io
14 silly lockFile 71475bfd-socket-io socket.io
15 verbose addNamed [ 'socket.io', '' ]
16 verbose addNamed [ null, '*' ]
17 silly lockFile c03de861-socket-io socket.io@
18 verbose lock socket.io@ /Users/spersinger/.npm/c03de861-socket-io.lock
19 silly addNameRange { name: 'socket.io', range: '*', hasData: false }
20 verbose request where is /socket.io
21 verbose request registry https://registry.npmjs.org/
22 verbose request id 3c652810999457d2
23 verbose url raw /socket.io
24 verbose url resolving [ 'https://registry.npmjs.org/', './socket.io' ]
25 verbose url resolved https://registry.npmjs.org/socket.io
26 verbose request where is https://registry.npmjs.org/socket.io
27 info trying registry request attempt 1 at 14:30:47
28 verbose etag "E3EDAEDTXBRB7COPCV5IC4JDN"
29 http GET https://registry.npmjs.org/socket.io
30 http 304 https://registry.npmjs.org/socket.io
31 silly registry.get cb [ 304,
31 silly registry.get   { date: 'Sat, 27 Sep 2014 21:30:33 GMT',
31 silly registry.get     server: 'Apache',
31 silly registry.get     via: '1.1 varnish',
31 silly registry.get     'last-modified': 'Sat, 27 Sep 2014 21:30:22 GMT',
31 silly registry.get     'cache-control': 'max-age=60',
31 silly registry.get     etag: '"E3EDAEDTXBRB7COPCV5IC4JDN"',
31 silly registry.get     'x-served-by': 'cache-sjc3130-SJC',
31 silly registry.get     'x-cache': 'HIT',
31 silly registry.get     'x-cache-hits': '2',
31 silly registry.get     'x-timer': 'S1411853433.614831,VS0,VE0',
31 silly registry.get     vary: 'Accept',
31 silly registry.get     'content-length': '0',
31 silly registry.get     'keep-alive': 'timeout=10, max=50',
31 silly registry.get     connection: 'Keep-Alive' } ]
32 verbose etag https://registry.npmjs.org/socket.io from cache
33 silly addNameRange number 2 { name: 'socket.io', range: '*', hasData: true }
34 silly addNameRange versions [ 'socket.io',
34 silly addNameRange   [ '0.3.8',
34 silly addNameRange     '0.4.0',
34 silly addNameRange     '0.4.1',
34 silly addNameRange     '0.5.1',
34 silly addNameRange     '0.5.3',
34 silly addNameRange     '0.6.0',
34 silly addNameRange     '0.6.1',
34 silly addNameRange     '0.6.3',
34 silly addNameRange     '0.6.4',
34 silly addNameRange     '0.6.5',
34 silly addNameRange     '0.6.6',
34 silly addNameRange     '0.6.7',
34 silly addNameRange     '0.6.8',
34 silly addNameRange     '0.6.9',
34 silly addNameRange     '0.6.10',
34 silly addNameRange     '0.6.11',
34 silly addNameRange     '0.6.12',
34 silly addNameRange     '0.6.14',
34 silly addNameRange     '0.6.15',
34 silly addNameRange     '0.6.16',
34 silly addNameRange     '0.6.17',
34 silly addNameRange     '0.6.18',
34 silly addNameRange     '0.7.0',
34 silly addNameRange     '0.7.1',
34 silly addNameRange     '0.7.2',
34 silly addNameRange     '0.7.3',
34 silly addNameRange     '0.7.4',
34 silly addNameRange     '0.7.5',
34 silly addNameRange     '0.7.6',
34 silly addNameRange     '0.7.7',
34 silly addNameRange     '0.7.8',
34 silly addNameRange     '0.7.9',
34 silly addNameRange     '0.7.10',
34 silly addNameRange     '0.7.11',
34 silly addNameRange     '0.8.0',
34 silly addNameRange     '0.8.1',
34 silly addNameRange     '0.8.2',
34 silly addNameRange     '0.8.3',
34 silly addNameRange     '0.8.4',
34 silly addNameRange     '0.8.5',
34 silly addNameRange     '0.8.6',
34 silly addNameRange     '0.8.7',
34 silly addNameRange     '0.9.0',
34 silly addNameRange     '0.9.1',
34 silly addNameRange     '0.9.1-1',
34 silly addNameRange     '0.9.2',
34 silly addNameRange     '0.9.3',
34 silly addNameRange     '0.9.4',
34 silly addNameRange     '0.9.5',
34 silly addNameRange     '0.9.6',
34 silly addNameRange     '0.9.7',
34 silly addNameRange     '0.9.8',
34 silly addNameRange     '0.9.9',
34 silly addNameRange     '0.9.10',
34 silly addNameRange     '0.9.11',
34 silly addNameRange     '0.9.12',
34 silly addNameRange     '0.9.13',
34 silly addNameRange     '0.9.14',
34 silly addNameRange     '0.9.15',
34 silly addNameRange     '0.9.16',
34 silly addNameRange     '1.0.0-pre',
34 silly addNameRange     '1.0.0-pre2',
34 silly addNameRange     '1.0.0-pre3',
34 silly addNameRange     '1.0.0-pre4',
34 silly addNameRange     '1.0.0-pre5',
34 silly addNameRange     '0.9.17',
34 silly addNameRange     '1.0.0',
34 silly addNameRange     '1.0.1',
34 silly addNameRange     '1.0.2',
34 silly addNameRange     '1.0.3',
34 silly addNameRange     '1.0.4',
34 silly addNameRange     '1.0.5',
34 silly addNameRange     '1.0.6',
34 silly addNameRange     '1.1.0' ] ]
35 verbose addNamed [ 'socket.io', '1.1.0' ]
36 verbose addNamed [ '1.1.0', '1.1.0' ]
37 silly lockFile 8bfafe15-socket-io-1-1-0 socket.io@1.1.0
38 verbose lock socket.io@1.1.0 /Users/spersinger/.npm/8bfafe15-socket-io-1-1-0.lock
39 silly lockFile 9bb74f5a-rg-socket-io-socket-io-1-1-0-tgz https://registry.npmjs.org/socket.io/-/socket.io-1.1.0.tgz
40 verbose lock https://registry.npmjs.org/socket.io/-/socket.io-1.1.0.tgz /Users/spersinger/.npm/9bb74f5a-rg-socket-io-socket-io-1-1-0-tgz.lock
41 verbose addRemoteTarball [ 'https://registry.npmjs.org/socket.io/-/socket.io-1.1.0.tgz',
41 verbose addRemoteTarball   '0825ecb5740f34c2319a40087c537a348010dbb6' ]
42 info retry fetch attempt 1 at 14:30:48
43 verbose fetch to= /var/folders/np/hhzgy5654fz4_f0j9thj86vrpt23xz/T/npm-37980-nk0peKPR/registry.npmjs.org/socket.io/-/socket.io-1.1.0.tgz
44 http GET https://registry.npmjs.org/socket.io/-/socket.io-1.1.0.tgz
45 http 200 https://registry.npmjs.org/socket.io/-/socket.io-1.1.0.tgz
46 silly lockFile 9bb74f5a-rg-socket-io-socket-io-1-1-0-tgz https://registry.npmjs.org/socket.io/-/socket.io-1.1.0.tgz
47 silly lockFile 9bb74f5a-rg-socket-io-socket-io-1-1-0-tgz https://registry.npmjs.org/socket.io/-/socket.io-1.1.0.tgz
48 silly lockFile 8bfafe15-socket-io-1-1-0 socket.io@1.1.0
49 silly lockFile 8bfafe15-socket-io-1-1-0 socket.io@1.1.0
50 silly lockFile c03de861-socket-io socket.io@
51 silly lockFile c03de861-socket-io socket.io@
52 error Error: EACCES, mkdir '/Users/spersinger/.npm/socket.io/1.1.0'
52 error  { [Error: EACCES, mkdir '/Users/spersinger/.npm/socket.io/1.1.0']
52 error   errno: 3,
52 error   code: 'EACCES',
52 error   path: '/Users/spersinger/.npm/socket.io/1.1.0',
52 error   parent: 'mobileclips' }
53 error Please try running this command again as root/Administrator.
54 error System Darwin 13.4.0
55 error command "node" "/usr/local/bin/npm" "install" "--save" "socket.io"
56 error cwd /Users/spersinger/github/muchado/server
57 error node -v v0.10.32
58 error npm -v 1.4.28
59 error path /Users/spersinger/.npm/socket.io/1.1.0
60 error code EACCES
61 error errno 3
62 error stack Error: EACCES, mkdir '/Users/spersinger/.npm/socket.io/1.1.0'
63 verbose exit [ 3, true ]
